0 info it worked if it ends with ok
1 verbose cli [ 'C:\\Program Files\\nodejs\\node.exe',
1 verbose cli   'C:\\Users\\Worker\\AppData\\Roaming\\npm\\node_modules\\npm\\bin\\npm-cli.js',
1 verbose cli   'start' ]
2 info using npm@3.10.8
3 info using node@v6.9.4
4 verbose run-script [ 'prestart', 'start', 'poststart' ]
5 info lifecycle application@0.0.0~prestart: application@0.0.0
6 verbose lifecycle application@0.0.0~prestart: unsafe-perm in lifecycle true
7 verbose lifecycle application@0.0.0~prestart: PATH: C:\Users\Worker\AppData\Roaming\npm\node_modules\npm\bin\node-gyp-bin;D:\Yanpix\Yanpix\node_modules\.bin;C:\ProgramData\Oracle\Java\javapath;C:\Windows\system32;C:\Windows;C:\Windows\System32\Wbem;C:\Windows\System32\WindowsPowerShell\v1.0\;C:\Program Files (x86)\Microsoft SQL Server\90\Tools\binn\;C:\Program Files (x86)\Skype\Phone\;C:\Program Files\Git\cmd;C:\Program Files\MySQL\MySQL Server 5.1\bin;C:\Program Files (x86)\MySQL\MySQL Utilities\;C:\Program Files (x86)\MySQL\MySQL Utilities\Doctrine extensions for ;C:\Program Files (x86)\QuickTime\QTSystem\;C:\Program Files (x86)\Brackets\command;C:\Program Files (x86)\Heroku\bin;C:\Program Files (x86)\git\cmd;C:\Program Files (x86)\Git\cmd;C:\Users\Worker\AppData\Roaming\nvm;C:\Program Files\nodejs;C:\Program Files\nodejs\;C:\Program Files\Git\bin;C:\Program Files (x86)\Dev-Cpp;C:\Program Files (x86)\MSBuild;C:\Program Files (x86)\Microsoft Visual Studio\Common\MSDev98\Bin;C:\Users\Олюша\AppData\Local\Programs\Common\Microsoft\Visual C++ for Python\9.0\VC\bin\amd64;C:\Python27\Scripts;C:\Users\Worker\AppData\Roaming\npm\node_modules\npm3\bin;C:\Users\Worker\AppData\Roaming\npm;C:\Program Files (x86)\Microsoft ASP.NET;C:\Users\Worker\AppData\Roaming\nvm;C:\Program Files\Microsoft.NET\SDK\v2.0 64bit\Bin
8 verbose lifecycle application@0.0.0~prestart: CWD: D:\Yanpix\Yanpix
9 silly lifecycle application@0.0.0~prestart: Args: [ '/d /s /c', 'npm install' ]
10 silly lifecycle application@0.0.0~prestart: Returned: code: 0  signal: null
11 info lifecycle application@0.0.0~start: application@0.0.0
12 verbose lifecycle application@0.0.0~start: unsafe-perm in lifecycle true
13 verbose lifecycle application@0.0.0~start: PATH: C:\Users\Worker\AppData\Roaming\npm\node_modules\npm\bin\node-gyp-bin;D:\Yanpix\Yanpix\node_modules\.bin;C:\ProgramData\Oracle\Java\javapath;C:\Windows\system32;C:\Windows;C:\Windows\System32\Wbem;C:\Windows\System32\WindowsPowerShell\v1.0\;C:\Program Files (x86)\Microsoft SQL Server\90\Tools\binn\;C:\Program Files (x86)\Skype\Phone\;C:\Program Files\Git\cmd;C:\Program Files\MySQL\MySQL Server 5.1\bin;C:\Program Files (x86)\MySQL\MySQL Utilities\;C:\Program Files (x86)\MySQL\MySQL Utilities\Doctrine extensions for ;C:\Program Files (x86)\QuickTime\QTSystem\;C:\Program Files (x86)\Brackets\command;C:\Program Files (x86)\Heroku\bin;C:\Program Files (x86)\git\cmd;C:\Program Files (x86)\Git\cmd;C:\Users\Worker\AppData\Roaming\nvm;C:\Program Files\nodejs;C:\Program Files\nodejs\;C:\Program Files\Git\bin;C:\Program Files (x86)\Dev-Cpp;C:\Program Files (x86)\MSBuild;C:\Program Files (x86)\Microsoft Visual Studio\Common\MSDev98\Bin;C:\Users\Олюша\AppData\Local\Programs\Common\Microsoft\Visual C++ for Python\9.0\VC\bin\amd64;C:\Python27\Scripts;C:\Users\Worker\AppData\Roaming\npm\node_modules\npm3\bin;C:\Users\Worker\AppData\Roaming\npm;C:\Program Files (x86)\Microsoft ASP.NET;C:\Users\Worker\AppData\Roaming\nvm;C:\Program Files\Microsoft.NET\SDK\v2.0 64bit\Bin
14 verbose lifecycle application@0.0.0~start: CWD: D:\Yanpix\Yanpix
15 silly lifecycle application@0.0.0~start: Args: [ '/d /s /c', 'http-server -a localhost -p 8000 -c-1' ]
16 verbose stack Error: kill ENOSYS
16 verbose stack     at exports._errnoException (util.js:1022:11)
16 verbose stack     at process.kill (internal/process.js:172:13)
16 verbose stack     at process.listener (C:\Users\Worker\AppData\Roaming\npm\node_modules\npm\node_modules\npmlog\node_modules\gauge\node_modules\signal-exit\index.js:86:15)
16 verbose stack     at emitNone (events.js:91:20)
16 verbose stack     at process.emit (events.js:185:7)
16 verbose stack     at processEmit (C:\Users\Worker\AppData\Roaming\npm\node_modules\npm\node_modules\npmlog\node_modules\gauge\node_modules\signal-exit\index.js:146:32)
16 verbose stack     at processEmit (C:\Users\Worker\AppData\Roaming\npm\node_modules\npm\node_modules\npm-registry-client\node_modules\npmlog\node_modules\gauge\node_modules\signal-exit\index.js:146:32)
16 verbose stack     at Signal.wrap.onsignal (internal/process.js:199:44)
17 verbose cwd D:\Yanpix\Yanpix
18 error Windows_NT 6.1.7601
19 error argv "C:\\Program Files\\nodejs\\node.exe" "C:\\Users\\Worker\\AppData\\Roaming\\npm\\node_modules\\npm\\bin\\npm-cli.js" "start"
20 error node v6.9.4
21 error npm  v3.10.8
22 error code ENOSYS
23 error errno ENOSYS
24 error syscall kill
25 error kill ENOSYS
26 error If you need help, you may report this error at:
26 error     <https://github.com/npm/npm/issues>
27 verbose exit [ 1, true ]
